10:06:58.637 INFO  manager.ApplicationManager - All tests runs i CHROME Browser
10:06:59.847 INFO  manager.ApplicationManager - The link-->https://telranedu.web.app/home
10:06:59.877 INFO  manager.TestNGListener - Start tests on date -->Fri Dec 19 10:06:59 IST 2025========
10:07:04.976 INFO  tests.TestBase - Name of method --->loginWrongEmail
10:07:04.977 INFO  manager.TestNGListener - Start test -->loginWrongEmail========
10:07:04.977 INFO  tests.TestBase - Test data ---> email: 'margogmail.com' & password: 'Mmar123456$'
10:07:04.978 INFO  manager.WDListener - Before find elementBy.cssSelector: a[href='/login']
10:07:05.015 INFO  manager.WDListener - After find elementBy.cssSelector: a[href='/login']
10:07:05.026 INFO  manager.WDListener - Location of elementa
10:07:05.052 INFO  manager.WDListener - Before click element --->atext = LOGIN
10:07:05.137 INFO  manager.WDListener - After click element-->a
10:07:05.137 INFO  manager.HelperBase - open form by click on button with locator By.cssSelector("a[href='/login']") 
10:07:05.138 INFO  manager.WDListener - Before find elementBy.name: email
10:07:05.168 INFO  manager.WDListener - After find elementBy.name: email
10:07:05.175 INFO  manager.WDListener - Location of elementinput
10:07:05.192 INFO  manager.WDListener - Before click element --->inputtext = 
10:07:05.266 INFO  manager.WDListener - After click element-->input
10:07:05.297 INFO  manager.WDListener - SendKeys-->input
10:07:05.348 INFO  manager.WDListener - SendKeys-->input
10:07:05.377 INFO  manager.WDListener - SendKeys-->input
10:07:05.414 INFO  manager.HelperBase - type in input with locator By.name("email")
10:07:05.415 INFO  manager.WDListener - Before find elementBy.xpath: //input[@placeholder='Password']
10:07:05.445 INFO  manager.WDListener - After find elementBy.xpath: //input[@placeholder='Password']
10:07:05.452 INFO  manager.WDListener - Location of elementinput
10:07:05.472 INFO  manager.WDListener - Before click element --->inputtext = 
10:07:05.527 INFO  manager.WDListener - After click element-->input
10:07:05.564 INFO  manager.WDListener - SendKeys-->input
10:07:05.598 INFO  manager.WDListener - SendKeys-->input
10:07:05.629 INFO  manager.WDListener - SendKeys-->input
10:07:05.665 INFO  manager.HelperBase - type in input with locator By.xpath("//input[@placeholder='Password']") 
10:07:05.665 INFO  manager.WDListener - Before find elementBy.xpath: //button[text()='Login']
10:07:05.698 INFO  manager.WDListener - After find elementBy.xpath: //button[text()='Login']
10:07:05.710 INFO  manager.WDListener - Location of elementbutton
10:07:05.729 INFO  manager.WDListener - Before click element --->buttontext = Login
10:07:05.836 INFO  manager.WDListener - Huston, we have a problem!
10:07:05.836 INFO  manager.WDListener - **********************
10:07:05.836 INFO  manager.WDListener - Object target --->org.openqa.selenium.remote.RemoteWebDriver$RemoteTargetLocator@4eb1c69
10:07:05.836 INFO  manager.WDListener - **********************
10:07:05.836 INFO  manager.WDListener - Method name--->alert
10:07:05.836 INFO  manager.WDListener - **********************
10:07:05.837 INFO  manager.WDListener - InvocationTargetException-->org.openqa.selenium.NoAlertPresentException: no such alert
  (Session info: chrome=142.0.7444.176)
Build info: version: '4.26.0', revision: '8ccf0219d7'
System info: os.name: 'Windows 11', os.arch: 'amd64', os.version: '10.0', java.version: '17.0.12'
Driver info: org.openqa.selenium.chrome.ChromeDriver
Command: [544fa489800df78105fc7bc175eff2d2, getAlertText {}]
Capabilities {acceptInsecureCerts: false, browserName: chrome, browserVersion: 142.0.7444.176, chrome: {chromedriverVersion: 141.0.7390.65 (b2ec783d2b51..., userDataDir: C:\Users\marii\AppData\Loca...}, fedcm:accounts: true, goog:chromeOptions: {debuggerAddress: localhost:65056}, networkConnectionEnabled: false, pageLoadStrategy: normal, platformName: windows, proxy: Proxy(), se:cdp: ws://localhost:65056/devtoo..., se:cdpVersion: 142.0.7444.176, setWindowRect: true, strictFileInteractability: false, timeouts: {implicit: 0, pageLoad: 300000, script: 30000}, unhandledPromptBehavior: dismiss and notify, webauthn:extension:credBlob: true, webauthn:extension:largeBlob: true, webauthn:extension:minPinLength: true, webauthn:extension:prf: true, webauthn:virtualAuthenticators: true}
Session ID: 544fa489800df78105fc7bc175eff2d2
10:07:05.837 INFO  manager.WDListener - Screen with error is--->src/test/screenshots/screen_1003.png
10:07:06.355 INFO  manager.WDListener - Huston, we have a problem!
10:07:06.357 INFO  manager.WDListener - **********************
10:07:06.357 INFO  manager.WDListener - Object target --->org.openqa.selenium.remote.RemoteWebDriver$RemoteTargetLocator@29f85fe1
10:07:06.357 INFO  manager.WDListener - **********************
10:07:06.357 INFO  manager.WDListener - Method name--->alert
10:07:06.357 INFO  manager.WDListener - **********************
10:07:06.358 INFO  manager.WDListener - InvocationTargetException-->org.openqa.selenium.NoAlertPresentException: no such alert
  (Session info: chrome=142.0.7444.176)
Build info: version: '4.26.0', revision: '8ccf0219d7'
System info: os.name: 'Windows 11', os.arch: 'amd64', os.version: '10.0', java.version: '17.0.12'
Driver info: org.openqa.selenium.chrome.ChromeDriver
Command: [544fa489800df78105fc7bc175eff2d2, getAlertText {}]
Capabilities {acceptInsecureCerts: false, browserName: chrome, browserVersion: 142.0.7444.176, chrome: {chromedriverVersion: 141.0.7390.65 (b2ec783d2b51..., userDataDir: C:\Users\marii\AppData\Loca...}, fedcm:accounts: true, goog:chromeOptions: {debuggerAddress: localhost:65056}, networkConnectionEnabled: false, pageLoadStrategy: normal, platformName: windows, proxy: Proxy(), se:cdp: ws://localhost:65056/devtoo..., se:cdpVersion: 142.0.7444.176, setWindowRect: true, strictFileInteractability: false, timeouts: {implicit: 0, pageLoad: 300000, script: 30000}, unhandledPromptBehavior: dismiss and notify, webauthn:extension:credBlob: true, webauthn:extension:largeBlob: true, webauthn:extension:minPinLength: true, webauthn:extension:prf: true, webauthn:virtualAuthenticators: true}
Session ID: 544fa489800df78105fc7bc175eff2d2
10:07:06.361 INFO  manager.WDListener - Screen with error is--->src/test/screenshots/screen_1220.png
10:07:06.908 INFO  tests.TestBase - Assert check is alert present with error text 'Wrong email or password'
10:07:06.911 INFO  manager.TestNGListener - Success test -->loginWrongEmail========
10:07:06.912 INFO  tests.TestBase - ================================================
10:07:11.969 INFO  tests.TestBase - Name of method --->registrationWrongEmail
10:07:11.970 INFO  manager.TestNGListener - Start test -->registrationWrongEmail========
10:07:11.971 INFO  manager.WDListener - Before find elementBy.cssSelector: a[href='/login']
10:07:11.997 INFO  manager.WDListener - After find elementBy.cssSelector: a[href='/login']
10:07:12.008 INFO  manager.WDListener - Location of elementa
10:07:12.029 INFO  manager.WDListener - Before click element --->atext = LOGIN
10:07:12.100 INFO  manager.WDListener - After click element-->a
10:07:12.100 INFO  manager.HelperBase - open form by click on button with locator By.cssSelector("a[href='/login']") 
10:07:12.101 INFO  manager.WDListener - Before find elementBy.name: email
10:07:12.117 INFO  manager.WDListener - After find elementBy.name: email
10:07:12.131 INFO  manager.WDListener - Location of elementinput
10:07:12.150 INFO  manager.WDListener - Before click element --->inputtext = 
10:07:12.211 INFO  manager.WDListener - After click element-->input
10:07:12.246 INFO  manager.WDListener - SendKeys-->input
10:07:12.296 INFO  manager.WDListener - SendKeys-->input
10:07:12.325 INFO  manager.WDListener - SendKeys-->input
10:07:12.362 INFO  manager.WDListener - Before find elementBy.xpath: //input[@placeholder='Password']
10:07:12.384 INFO  manager.WDListener - After find elementBy.xpath: //input[@placeholder='Password']
10:07:12.392 INFO  manager.WDListener - Location of elementinput
10:07:12.407 INFO  manager.WDListener - Before click element --->inputtext = 
10:07:12.475 INFO  manager.WDListener - After click element-->input
10:07:12.521 INFO  manager.WDListener - SendKeys-->input
10:07:12.577 INFO  manager.WDListener - SendKeys-->input
10:07:12.611 INFO  manager.WDListener - SendKeys-->input
10:07:12.651 INFO  manager.WDListener - Before find elementBy.xpath: //button[text()='Registration']
10:07:12.671 INFO  manager.WDListener - After find elementBy.xpath: //button[text()='Registration']
10:07:12.681 INFO  manager.WDListener - Location of elementbutton
10:07:12.695 INFO  manager.WDListener - Before click element --->buttontext = Registration
10:07:12.769 INFO  manager.WDListener - Huston, we have a problem!
10:07:12.770 INFO  manager.WDListener - **********************
10:07:12.770 INFO  manager.WDListener - Object target --->org.openqa.selenium.remote.RemoteWebDriver$RemoteTargetLocator@4674d90
10:07:12.770 INFO  manager.WDListener - **********************
10:07:12.770 INFO  manager.WDListener - Method name--->alert
10:07:12.770 INFO  manager.WDListener - **********************
10:07:12.771 INFO  manager.WDListener - InvocationTargetException-->org.openqa.selenium.NoAlertPresentException: no such alert
  (Session info: chrome=142.0.7444.176)
Build info: version: '4.26.0', revision: '8ccf0219d7'
System info: os.name: 'Windows 11', os.arch: 'amd64', os.version: '10.0', java.version: '17.0.12'
Driver info: org.openqa.selenium.chrome.ChromeDriver
Command: [544fa489800df78105fc7bc175eff2d2, getAlertText {}]
Capabilities {acceptInsecureCerts: false, browserName: chrome, browserVersion: 142.0.7444.176, chrome: {chromedriverVersion: 141.0.7390.65 (b2ec783d2b51..., userDataDir: C:\Users\marii\AppData\Loca...}, fedcm:accounts: true, goog:chromeOptions: {debuggerAddress: localhost:65056}, networkConnectionEnabled: false, pageLoadStrategy: normal, platformName: windows, proxy: Proxy(), se:cdp: ws://localhost:65056/devtoo..., se:cdpVersion: 142.0.7444.176, setWindowRect: true, strictFileInteractability: false, timeouts: {implicit: 0, pageLoad: 300000, script: 30000}, unhandledPromptBehavior: dismiss and notify, webauthn:extension:credBlob: true, webauthn:extension:largeBlob: true, webauthn:extension:minPinLength: true, webauthn:extension:prf: true, webauthn:virtualAuthenticators: true}
Session ID: 544fa489800df78105fc7bc175eff2d2
10:07:12.771 INFO  manager.WDListener - Screen with error is--->src/test/screenshots/screen_1621.png
10:07:13.309 INFO  manager.TestNGListener - Success test -->registrationWrongEmail========
10:07:13.310 INFO  tests.TestBase - ================================================
10:07:18.334 INFO  manager.WDListener - Before find elementBy.cssSelector: a[href='/login']
10:07:18.361 INFO  manager.WDListener - After find elementBy.cssSelector: a[href='/login']
10:07:18.371 INFO  manager.WDListener - Location of elementa
10:07:18.387 INFO  manager.WDListener - Before click element --->atext = LOGIN
10:07:18.473 INFO  manager.WDListener - After click element-->a
10:07:18.473 INFO  manager.HelperBase - open form by click on button with locator By.cssSelector("a[href='/login']") 
10:07:18.474 INFO  manager.WDListener - Before find elementBy.name: email
10:07:18.499 INFO  manager.WDListener - After find elementBy.name: email
10:07:18.509 INFO  manager.WDListener - Location of elementinput
10:07:18.524 INFO  manager.WDListener - Before click element --->inputtext = 
10:07:18.594 INFO  manager.WDListener - After click element-->input
10:07:18.625 INFO  manager.WDListener - SendKeys-->input
10:07:18.691 INFO  manager.WDListener - SendKeys-->input
10:07:18.731 INFO  manager.WDListener - SendKeys-->input
10:07:18.793 INFO  manager.WDListener - Before find elementBy.xpath: //input[@placeholder='Password']
10:07:18.812 INFO  manager.WDListener - After find elementBy.xpath: //input[@placeholder='Password']
10:07:18.834 INFO  manager.WDListener - Location of elementinput
10:07:18.854 INFO  manager.WDListener - Before click element --->inputtext = 
10:07:19.013 INFO  manager.WDListener - After click element-->input
10:07:19.136 INFO  manager.WDListener - SendKeys-->input
10:07:19.301 INFO  manager.WDListener - SendKeys-->input
10:07:19.351 INFO  manager.WDListener - SendKeys-->input
10:07:19.457 INFO  manager.WDListener - Before find elementBy.xpath: //button[text()='Login']
10:07:19.503 INFO  manager.WDListener - After find elementBy.xpath: //button[text()='Login']
10:07:19.513 INFO  manager.WDListener - Location of elementbutton
10:07:19.546 INFO  manager.WDListener - Before click element --->buttontext = Login
10:07:19.654 INFO  tests.TestBase - Name of method --->addContactSuccessReqFields
10:07:19.656 INFO  manager.TestNGListener - Start test -->addContactSuccessReqFields========
10:07:19.658 INFO  manager.WDListener - Before find elementBy.cssSelector: [placeholder='Name']
10:07:24.717 INFO  manager.WDListener - Huston, we have a problem!
10:07:24.717 INFO  manager.WDListener - **********************
10:07:24.717 INFO  manager.WDListener - Object target --->ChromeDriver: chrome on windows (544fa489800df78105fc7bc175eff2d2)
10:07:24.717 INFO  manager.WDListener - **********************
10:07:24.717 INFO  manager.WDListener - Method name--->findElement
10:07:24.719 INFO  manager.WDListener - **********************
10:07:24.719 INFO  manager.WDListener - InvocationTargetException-->org.openqa.selenium.NoSuchElementException: no such element: Unable to locate element: {"method":"css selector","selector":"[placeholder='Name']"}
  (Session info: chrome=142.0.7444.176)
For documentation on this error, please visit: https://www.selenium.dev/documentation/webdriver/troubleshooting/errors#no-such-element-exception
Build info: version: '4.26.0', revision: '8ccf0219d7'
System info: os.name: 'Windows 11', os.arch: 'amd64', os.version: '10.0', java.version: '17.0.12'
Driver info: org.openqa.selenium.chrome.ChromeDriver
Command: [544fa489800df78105fc7bc175eff2d2, findElement {value=[placeholder='Name'], using=css selector}]
Capabilities {acceptInsecureCerts: false, browserName: chrome, browserVersion: 142.0.7444.176, chrome: {chromedriverVersion: 141.0.7390.65 (b2ec783d2b51..., userDataDir: C:\Users\marii\AppData\Loca...}, fedcm:accounts: true, goog:chromeOptions: {debuggerAddress: localhost:65056}, networkConnectionEnabled: false, pageLoadStrategy: normal, platformName: windows, proxy: Proxy(), se:cdp: ws://localhost:65056/devtoo..., se:cdpVersion: 142.0.7444.176, setWindowRect: true, strictFileInteractability: false, timeouts: {implicit: 0, pageLoad: 300000, script: 30000}, unhandledPromptBehavior: dismiss and notify, webauthn:extension:credBlob: true, webauthn:extension:largeBlob: true, webauthn:extension:minPinLength: true, webauthn:extension:prf: true, webauthn:virtualAuthenticators: true}
Session ID: 544fa489800df78105fc7bc175eff2d2
10:07:24.719 INFO  manager.WDListener - Screen with error is--->src/test/screenshots/screen_1225.png
10:07:24.934 INFO  manager.TestNGListener - Failure test -->addContactSuccessReqFields========
10:07:24.935 INFO  tests.TestBase - ================================================
10:07:25.060 INFO  tests.TestBase - Name of method --->removeFirstContact
10:07:25.060 INFO  manager.TestNGListener - Start test -->removeFirstContact========
10:07:25.145 INFO  manager.HelperBase - Number of Contacts before remove is--->8
10:07:25.146 INFO  manager.WDListener - Before find elementBy.cssSelector: .contact-item_card__2SOIM
10:07:25.168 INFO  manager.WDListener - After find elementBy.cssSelector: .contact-item_card__2SOIM
10:07:25.187 INFO  manager.WDListener - Location of elementdiv
10:07:25.202 INFO  manager.WDListener - Before click element --->divtext = Harry
123659845632
10:07:25.287 INFO  manager.WDListener - After click element-->div
10:07:25.289 INFO  manager.WDListener - Before find elementBy.xpath: //button[text()='Remove']
10:07:25.319 INFO  manager.WDListener - After find elementBy.xpath: //button[text()='Remove']
10:07:25.326 INFO  manager.WDListener - Location of elementbutton
10:07:25.350 INFO  manager.WDListener - Before click element --->buttontext = Remove
10:07:25.421 INFO  manager.WDListener - After click element-->button
10:07:26.485 INFO  manager.HelperBase - Number of Contacts after remove is--->7
10:07:26.485 INFO  manager.TestNGListener - Success test -->removeFirstContact========
10:07:26.486 INFO  tests.TestBase - ================================================
10:07:26.486 INFO  manager.TestNGListener - Stop testsing on date -->Fri Dec 19 10:06:59 IST 2025========
